2022-03-29 15:58:21,147 INFO o.a.j.u.JMeterUtils: Setting Locale to en_EN
2022-03-29 15:58:21,258 INFO o.a.j.JMeter: Loading user properties from: user.properties
2022-03-29 15:58:21,261 INFO o.a.j.JMeter: Loading system properties from: system.properties
2022-03-29 15:58:21,396 INFO o.a.j.JMeter: Copyright (c) 1998-2021 The Apache Software Foundation
2022-03-29 15:58:21,396 INFO o.a.j.JMeter: Version 5.4.3
2022-03-29 15:58:21,397 INFO o.a.j.JMeter: java.version=16.0.2
2022-03-29 15:58:21,397 INFO o.a.j.JMeter: java.vm.name=Java HotSpot(TM) 64-Bit Server VM
2022-03-29 15:58:21,397 INFO o.a.j.JMeter: os.name=Windows 10
2022-03-29 15:58:21,397 INFO o.a.j.JMeter: os.arch=amd64
2022-03-29 15:58:21,398 INFO o.a.j.JMeter: os.version=10.0
2022-03-29 15:58:21,398 INFO o.a.j.JMeter: file.encoding=Cp1252
2022-03-29 15:58:21,398 INFO o.a.j.JMeter: java.awt.headless=null
2022-03-29 15:58:21,399 INFO o.a.j.JMeter: Max memory     =1073741824
2022-03-29 15:58:21,399 INFO o.a.j.JMeter: Available Processors =2
2022-03-29 15:58:21,441 INFO o.a.j.JMeter: Default Locale=English (EN)
2022-03-29 15:58:21,442 INFO o.a.j.JMeter: JMeter  Locale=English (EN)
2022-03-29 15:58:21,445 INFO o.a.j.JMeter: JMeterHome=C:\Users\noname\Desktop\OCBC Program\Session_12\apache-jmeter-5.4.3
2022-03-29 15:58:21,445 INFO o.a.j.JMeter: user.dir  =C:\Users\noname\Desktop\OCBC Program\Session_12\apache-jmeter-5.4.3\bin
2022-03-29 15:58:21,447 INFO o.a.j.JMeter: PWD       =C:\Users\noname\Desktop\OCBC Program\Session_12\apache-jmeter-5.4.3\bin
2022-03-29 15:58:21,449 INFO o.a.j.JMeter: IP: 172.22.240.1 Name: DESKTOP-H2H6875 FullName: DESKTOP-H2H6875
2022-03-29 15:58:22,466 INFO o.a.j.JMeter: Setting LAF to: laf:com.sun.java.swing.plaf.windows.WindowsLookAndFeel
2022-03-29 15:58:23,295 INFO o.a.j.JMeter: Loaded icon properties from org/apache/jmeter/images/icon.properties
2022-03-29 15:58:39,757 INFO o.j.r.JARSourceHTTP: Found cached repo
2022-03-29 15:58:40,688 INFO o.j.r.PluginManager: Plugins Status: [jpgc-graphs-basic=2.0, jpgc-graphs-additional=2.0, jpgc-autostop=0.1, blazemeter-debugger=0.6, jpgc-sense=3.5, netflix-cassandra=0.2-SNAPSHOT, jpgc-cmd=2.2, jpgc-graphs-composite=2.0, jpgc-csl=0.1, jpgc-functions=2.1, custom-soap=1.3.3, jpgc-casutg=2.10, jpgc-dbmon=0.1, jpgc-directory-listing=0.3, jpgc-plugins-manager=1.7, jmeter-core=5.4.3, jmeter-ftp=5.4.3, jmeter-http=5.4.3, jmeter-jdbc=5.4.3, jmeter-jms=5.4.3, jmeter-junit=5.4.3, jmeter-java=5.4.3, jmeter-ldap=5.4.3, jmeter-mail=5.4.3, jmeter-mongodb=5.4.3, jmeter-native=5.4.3, jmeter-tcp=5.4.3, jmeter-components=5.4.3]
